2026-05-14 18:28:49 | INFO | main | ============================================================
2026-05-14 18:28:49 | INFO | main | CIFAR-10 Grad-CAM — Research Pipeline
2026-05-14 18:28:49 | INFO | main |   Stages : ['data']
2026-05-14 18:28:49 | INFO | main |   Models : ['baseline_cnn', 'resnet18_pretrained', 'resnet18_scratch']
2026-05-14 18:28:49 | INFO | main |   Device : cpu
2026-05-14 18:28:49 | INFO | main | ============================================================
2026-05-14 18:28:49 | INFO | main | ━━━━━━━━━━━━━━━━━━━━━━━━━━━━━━━━━━━━━━━━━━━━━━━━━━━━━━━━━━━━
2026-05-14 18:28:49 | INFO | main | STAGE 1 — Data Sanity Checks
2026-05-14 18:28:49 | INFO | main | ━━━━━━━━━━━━━━━━━━━━━━━━━━━━━━━━━━━━━━━━━━━━━━━━━━━━━━━━━━━━
C:\Users\mohammed\Downloads\deeplearningp\venv\Lib\site-packages\torchvision\datasets\cifar.py:83: VisibleDeprecationWarning: dtype(): align should be passed as Python or NumPy boolean but got `align=0`. Did you mean to pass a tuple to create a subarray type? (Deprecated NumPy 2.4)
  entry = pickle.load(f, encoding="latin1")
2026-05-14 18:28:54 | INFO | data | [train] Class counts:
2026-05-14 18:28:54 | INFO | data |    0. airplane    : 5000
2026-05-14 18:28:54 | INFO | data |    1. automobile  : 5000
2026-05-14 18:28:54 | INFO | data |    2. bird        : 5000
2026-05-14 18:28:54 | INFO | data |    3. cat         : 5000
2026-05-14 18:28:54 | INFO | data |    4. deer        : 5000
2026-05-14 18:28:54 | INFO | data |    5. dog         : 5000
2026-05-14 18:28:54 | INFO | data |    6. frog        : 5000
2026-05-14 18:28:54 | INFO | data |    7. horse       : 5000
2026-05-14 18:28:54 | INFO | data |    8. ship        : 5000
2026-05-14 18:28:54 | INFO | data |    9. truck       : 5000
2026-05-14 18:28:54 | INFO | data | [train] ✓ Class balance verified (5000 per class)
2026-05-14 18:28:54 | INFO | data | [test] Class counts:
2026-05-14 18:28:54 | INFO | data |    0. airplane    : 1000
2026-05-14 18:28:54 | INFO | data |    1. automobile  : 1000
2026-05-14 18:28:54 | INFO | data |    2. bird        : 1000
2026-05-14 18:28:54 | INFO | data |    3. cat         : 1000
2026-05-14 18:28:54 | INFO | data |    4. deer        : 1000
2026-05-14 18:28:54 | INFO | data |    5. dog         : 1000
2026-05-14 18:28:54 | INFO | data |    6. frog        : 1000
2026-05-14 18:28:54 | INFO | data |    7. horse       : 1000
2026-05-14 18:28:54 | INFO | data |    8. ship        : 1000
2026-05-14 18:28:54 | INFO | data |    9. truck       : 1000
2026-05-14 18:28:54 | INFO | data | [test] ✓ Class balance verified (1000 per class)
2026-05-14 18:28:56 | INFO | data | [sanity] Sample grid saved → ./outputs/sanity_checks/data_samples.png
2026-05-14 18:28:56 | INFO | data | [data] All data sanity checks passed ✓
2026-05-14 18:28:56 | INFO | main | Stage 1 complete in 6.3s
2026-05-14 18:28:56 | INFO | main | 
============================================================
2026-05-14 18:28:56 | INFO | main | All stages complete. Total wall time: 0.1 min
2026-05-14 18:28:56 | INFO | main | Outputs written to: outputs/
2026-05-14 18:28:56 | INFO | main | ============================================================
[device] Using: cpu
[seed] All RNG sources fixed to 42
