2026-05-14 20:16:13 | INFO | main | ============================================================
2026-05-14 20:16:13 | INFO | main | CIFAR-10 Grad-CAM — Research Pipeline
2026-05-14 20:16:13 | INFO | main |   Stages : ['train']
2026-05-14 20:16:13 | INFO | main |   Models : ['resnet18_scratch']
2026-05-14 20:16:13 | INFO | main |   Device : cpu
2026-05-14 20:16:13 | INFO | main | ============================================================
2026-05-14 20:16:13 | INFO | main | ━━━━━━━━━━━━━━━━━━━━━━━━━━━━━━━━━━━━━━━━━━━━━━━━━━━━━━━━━━━━
2026-05-14 20:16:13 | INFO | main | STAGE 2 — Training: ['resnet18_scratch']
2026-05-14 20:16:13 | INFO | main | ━━━━━━━━━━━━━━━━━━━━━━━━━━━━━━━━━━━━━━━━━━━━━━━━━━━━━━━━━━━━
2026-05-14 20:16:13 | INFO | main | 
▶ Training: resnet18_scratch
C:\Users\mohammed\Downloads\deeplearningp\venv\Lib\site-packages\torchvision\datasets\cifar.py:83: VisibleDeprecationWarning: dtype(): align should be passed as Python or NumPy boolean but got `align=0`. Did you mean to pass a tuple to create a subarray type? (Deprecated NumPy 2.4)
  entry = pickle.load(f, encoding="latin1")
2026-05-14 20:16:15 | INFO | data | Train: 50,000 samples | Val/Test: 10,000 samples
2026-05-14 20:16:15 | INFO | train | [model] resnet18_scratch | 11,173,962 trainable parameters
2026-05-14 20:16:15 | INFO | train | Starting training: resnet18_scratch | 100 epochs
C:\Users\mohammed\Downloads\deeplearningp\venv\Lib\site-packages\torch\utils\data\dataloader.py:1095: UserWarning: 'pin_memory' argument is set as true but no accelerator is found, then device pinned memory won't be used.
  super().__init__(loader)
2026-05-14 20:29:11 | INFO | train | [sanity] Epoch-1 loss check: got 1.5654, expected ~2.3026 (±0.3)
2026-05-14 20:29:11 | WARNING | train | [sanity] ✗ Initial loss check FAILED (deviation=0.7371). Investigate before proceeding. Check: weight init, data pipeline, class balance, label encoding.
2026-05-14 20:29:11 | INFO | train | Epoch   1/100 | TrainLoss=1.5654 TrainAcc=42.1% | ValLoss=1.3694 ValAcc=51.6% | Gap=-0.1961 | LR=0.009998 | 775.7s
2026-05-14 20:41:02 | INFO | train | Epoch   2/100 | TrainLoss=1.0915 TrainAcc=61.0% | ValLoss=1.1285 ValAcc=61.4% | Gap=+0.0369 | LR=0.009990 | 710.5s
2026-05-14 20:52:54 | INFO | train | Epoch   3/100 | TrainLoss=0.8612 TrainAcc=69.6% | ValLoss=0.7988 ValAcc=72.1% | Gap=-0.0624 | LR=0.009978 | 712.3s
2026-05-14 21:04:45 | INFO | train | Epoch   4/100 | TrainLoss=0.7232 TrainAcc=74.4% | ValLoss=0.7510 ValAcc=74.7% | Gap=+0.0278 | LR=0.009961 | 711.1s
2026-05-14 21:16:42 | INFO | train | Epoch   5/100 | TrainLoss=0.6307 TrainAcc=77.9% | ValLoss=0.9461 ValAcc=69.3% | Gap=+0.3154 | LR=0.009938 | 716.8s
2026-05-14 21:28:37 | INFO | train | Epoch   6/100 | TrainLoss=0.5549 TrainAcc=80.7% | ValLoss=0.7091 ValAcc=76.9% | Gap=+0.1542 | LR=0.009911 | 714.4s
2026-05-14 21:40:31 | INFO | train | Epoch   7/100 | TrainLoss=0.5056 TrainAcc=82.2% | ValLoss=0.6093 ValAcc=79.9% | Gap=+0.1037 | LR=0.009880 | 714.4s
2026-05-14 21:52:23 | INFO | train | Epoch   8/100 | TrainLoss=0.4583 TrainAcc=84.2% | ValLoss=0.5837 ValAcc=80.7% | Gap=+0.1254 | LR=0.009843 | 711.4s
2026-05-14 22:04:14 | INFO | train | Epoch   9/100 | TrainLoss=0.4231 TrainAcc=85.3% | ValLoss=0.5110 ValAcc=83.0% | Gap=+0.0878 | LR=0.009801 | 711.4s
2026-05-14 22:16:07 | INFO | train | Epoch  10/100 | TrainLoss=0.3954 TrainAcc=86.4% | ValLoss=0.5179 ValAcc=83.0% | Gap=+0.1225 | LR=0.009755 | 713.2s
2026-05-14 22:28:02 | INFO | train | Epoch  11/100 | TrainLoss=0.3673 TrainAcc=87.2% | ValLoss=0.4827 ValAcc=84.0% | Gap=+0.1154 | LR=0.009704 | 714.7s
2026-05-14 22:39:58 | INFO | train | Epoch  12/100 | TrainLoss=0.3390 TrainAcc=88.2% | ValLoss=0.5458 ValAcc=82.0% | Gap=+0.2068 | LR=0.009649 | 715.2s
2026-05-14 22:51:52 | INFO | train | Epoch  13/100 | TrainLoss=0.3245 TrainAcc=88.6% | ValLoss=0.4495 ValAcc=85.2% | Gap=+0.1250 | LR=0.009589 | 714.4s
2026-05-14 23:03:40 | INFO | train | Epoch  14/100 | TrainLoss=0.3028 TrainAcc=89.5% | ValLoss=0.4274 ValAcc=86.3% | Gap=+0.1246 | LR=0.009524 | 707.6s
2026-05-14 23:14:37 | INFO | train | Epoch  15/100 | TrainLoss=0.2839 TrainAcc=90.1% | ValLoss=0.4727 ValAcc=85.0% | Gap=+0.1887 | LR=0.009455 | 657.1s
2026-05-14 23:25:29 | INFO | train | Epoch  16/100 | TrainLoss=0.2714 TrainAcc=90.6% | ValLoss=0.4805 ValAcc=85.0% | Gap=+0.2091 | LR=0.009382 | 652.2s
2026-05-14 23:36:23 | INFO | train | Epoch  17/100 | TrainLoss=0.2504 TrainAcc=91.3% | ValLoss=0.3842 ValAcc=87.7% | Gap=+0.1338 | LR=0.009304 | 653.7s
2026-05-14 23:47:19 | INFO | train | Epoch  18/100 | TrainLoss=0.2423 TrainAcc=91.6% | ValLoss=0.4255 ValAcc=86.8% | Gap=+0.1831 | LR=0.009222 | 655.5s
2026-05-14 23:58:11 | INFO | train | Epoch  19/100 | TrainLoss=0.2228 TrainAcc=92.2% | ValLoss=0.4199 ValAcc=86.7% | Gap=+0.1971 | LR=0.009135 | 652.0s
2026-05-15 00:09:02 | INFO | train | Epoch  20/100 | TrainLoss=0.2110 TrainAcc=92.6% | ValLoss=0.4111 ValAcc=87.5% | Gap=+0.2001 | LR=0.009045 | 651.9s
2026-05-15 00:19:54 | INFO | train | Epoch  21/100 | TrainLoss=0.2005 TrainAcc=93.0% | ValLoss=0.3912 ValAcc=87.8% | Gap=+0.1908 | LR=0.008951 | 651.7s
2026-05-15 00:30:47 | INFO | train | Epoch  22/100 | TrainLoss=0.1912 TrainAcc=93.2% | ValLoss=0.4760 ValAcc=86.0% | Gap=+0.2848 | LR=0.008853 | 652.5s
2026-05-15 00:41:39 | INFO | train | Epoch  23/100 | TrainLoss=0.1822 TrainAcc=93.6% | ValLoss=0.4201 ValAcc=87.7% | Gap=+0.2379 | LR=0.008751 | 652.0s
2026-05-15 00:52:30 | INFO | train | Epoch  24/100 | TrainLoss=0.1703 TrainAcc=94.1% | ValLoss=0.4455 ValAcc=86.5% | Gap=+0.2752 | LR=0.008645 | 651.4s
2026-05-15 01:03:25 | INFO | train | Epoch  25/100 | TrainLoss=0.1587 TrainAcc=94.5% | ValLoss=0.4352 ValAcc=87.2% | Gap=+0.2765 | LR=0.008536 | 655.0s
2026-05-15 01:14:19 | INFO | train | Epoch  26/100 | TrainLoss=0.1535 TrainAcc=94.6% | ValLoss=0.3711 ValAcc=88.6% | Gap=+0.2176 | LR=0.008423 | 653.2s
2026-05-15 01:25:10 | INFO | train | Epoch  27/100 | TrainLoss=0.1437 TrainAcc=95.0% | ValLoss=0.4275 ValAcc=87.9% | Gap=+0.2838 | LR=0.008307 | 651.5s
2026-05-15 01:36:03 | INFO | train | Epoch  28/100 | TrainLoss=0.1382 TrainAcc=95.2% | ValLoss=0.3956 ValAcc=88.0% | Gap=+0.2574 | LR=0.008187 | 652.7s
2026-05-15 01:46:55 | INFO | train | Epoch  29/100 | TrainLoss=0.1294 TrainAcc=95.5% | ValLoss=0.3873 ValAcc=88.8% | Gap=+0.2579 | LR=0.008065 | 651.8s
2026-05-15 01:57:46 | INFO | train | Epoch  30/100 | TrainLoss=0.1254 TrainAcc=95.7% | ValLoss=0.4119 ValAcc=88.4% | Gap=+0.2865 | LR=0.007939 | 651.0s
2026-05-15 02:08:38 | INFO | train | Epoch  31/100 | TrainLoss=0.1134 TrainAcc=96.2% | ValLoss=0.3860 ValAcc=88.7% | Gap=+0.2726 | LR=0.007810 | 651.9s
2026-05-15 02:19:29 | INFO | train | Epoch  32/100 | TrainLoss=0.1084 TrainAcc=96.3% | ValLoss=0.4075 ValAcc=88.8% | Gap=+0.2992 | LR=0.007679 | 651.7s
2026-05-15 02:30:20 | INFO | train | Epoch  33/100 | TrainLoss=0.1068 TrainAcc=96.4% | ValLoss=0.3740 ValAcc=89.7% | Gap=+0.2672 | LR=0.007545 | 650.2s
2026-05-15 02:41:14 | INFO | train | Epoch  34/100 | TrainLoss=0.0984 TrainAcc=96.5% | ValLoss=0.4681 ValAcc=87.1% | Gap=+0.3697 | LR=0.007409 | 654.4s
2026-05-15 02:52:07 | INFO | train | Epoch  35/100 | TrainLoss=0.0929 TrainAcc=96.8% | ValLoss=0.3749 ValAcc=89.7% | Gap=+0.2820 | LR=0.007270 | 652.3s
2026-05-15 03:02:59 | INFO | train | Epoch  36/100 | TrainLoss=0.0888 TrainAcc=96.8% | ValLoss=0.3607 ValAcc=89.7% | Gap=+0.2720 | LR=0.007129 | 652.8s
2026-05-15 03:13:53 | INFO | train | Epoch  37/100 | TrainLoss=0.0863 TrainAcc=97.0% | ValLoss=0.4644 ValAcc=87.3% | Gap=+0.3781 | LR=0.006986 | 653.4s
2026-05-15 03:24:47 | INFO | train | Epoch  38/100 | TrainLoss=0.0796 TrainAcc=97.2% | ValLoss=0.3713 ValAcc=89.7% | Gap=+0.2918 | LR=0.006841 | 653.8s
2026-05-15 03:35:37 | INFO | train | Epoch  39/100 | TrainLoss=0.0705 TrainAcc=97.6% | ValLoss=0.3670 ValAcc=90.1% | Gap=+0.2965 | LR=0.006694 | 650.6s
2026-05-15 03:46:29 | INFO | train | Epoch  40/100 | TrainLoss=0.0698 TrainAcc=97.6% | ValLoss=0.3668 ValAcc=90.0% | Gap=+0.2970 | LR=0.006545 | 651.7s
2026-05-15 03:57:20 | INFO | train | Epoch  41/100 | TrainLoss=0.0618 TrainAcc=97.9% | ValLoss=0.3370 ValAcc=91.0% | Gap=+0.2752 | LR=0.006395 | 650.8s
2026-05-15 04:08:12 | INFO | train | Epoch  42/100 | TrainLoss=0.0606 TrainAcc=97.9% | ValLoss=0.3505 ValAcc=90.8% | Gap=+0.2899 | LR=0.006243 | 652.2s
2026-05-15 04:19:05 | INFO | train | Epoch  43/100 | TrainLoss=0.0565 TrainAcc=98.0% | ValLoss=0.3667 ValAcc=90.1% | Gap=+0.3101 | LR=0.006091 | 652.6s
2026-05-15 04:29:56 | INFO | train | Epoch  44/100 | TrainLoss=0.0519 TrainAcc=98.3% | ValLoss=0.3481 ValAcc=90.9% | Gap=+0.2962 | LR=0.005937 | 651.4s
2026-05-15 04:40:47 | INFO | train | Epoch  45/100 | TrainLoss=0.0508 TrainAcc=98.3% | ValLoss=0.3431 ValAcc=90.9% | Gap=+0.2924 | LR=0.005782 | 651.1s
2026-05-15 04:51:37 | INFO | train | Epoch  46/100 | TrainLoss=0.0472 TrainAcc=98.4% | ValLoss=0.3324 ValAcc=91.2% | Gap=+0.2852 | LR=0.005627 | 649.8s
2026-05-15 05:02:53 | INFO | train | Epoch  47/100 | TrainLoss=0.0395 TrainAcc=98.7% | ValLoss=0.3696 ValAcc=90.5% | Gap=+0.3300 | LR=0.005471 | 676.1s
2026-05-15 05:14:56 | INFO | train | Epoch  48/100 | TrainLoss=0.0431 TrainAcc=98.6% | ValLoss=0.3429 ValAcc=91.1% | Gap=+0.2998 | LR=0.005314 | 723.2s
2026-05-15 05:27:17 | INFO | train | Epoch  49/100 | TrainLoss=0.0351 TrainAcc=98.9% | ValLoss=0.3489 ValAcc=90.8% | Gap=+0.3139 | LR=0.005157 | 741.0s
2026-05-15 05:39:50 | INFO | train | Epoch  50/100 | TrainLoss=0.0333 TrainAcc=99.0% | ValLoss=0.3627 ValAcc=91.0% | Gap=+0.3294 | LR=0.005000 | 752.2s
2026-05-15 05:52:05 | INFO | train | Epoch  51/100 | TrainLoss=0.0296 TrainAcc=99.1% | ValLoss=0.3494 ValAcc=91.3% | Gap=+0.3198 | LR=0.004843 | 735.7s
2026-05-15 06:04:13 | INFO | train | Epoch  52/100 | TrainLoss=0.0283 TrainAcc=99.1% | ValLoss=0.3244 ValAcc=91.6% | Gap=+0.2961 | LR=0.004686 | 727.6s
2026-05-15 06:16:21 | INFO | train | Epoch  53/100 | TrainLoss=0.0254 TrainAcc=99.2% | ValLoss=0.3412 ValAcc=91.5% | Gap=+0.3159 | LR=0.004529 | 727.9s
2026-05-15 06:28:35 | INFO | train | Epoch  54/100 | TrainLoss=0.0255 TrainAcc=99.2% | ValLoss=0.3311 ValAcc=91.5% | Gap=+0.3056 | LR=0.004373 | 734.3s
2026-05-15 06:41:25 | INFO | train | Epoch  55/100 | TrainLoss=0.0211 TrainAcc=99.4% | ValLoss=0.3157 ValAcc=92.1% | Gap=+0.2946 | LR=0.004218 | 769.4s
2026-05-15 06:54:32 | INFO | train | Epoch  56/100 | TrainLoss=0.0180 TrainAcc=99.5% | ValLoss=0.3100 ValAcc=92.0% | Gap=+0.2920 | LR=0.004063 | 787.0s
2026-05-15 07:07:23 | INFO | train | Epoch  57/100 | TrainLoss=0.0154 TrainAcc=99.6% | ValLoss=0.3233 ValAcc=91.8% | Gap=+0.3078 | LR=0.003909 | 771.0s
2026-05-15 07:19:42 | INFO | train | Epoch  58/100 | TrainLoss=0.0145 TrainAcc=99.6% | ValLoss=0.3010 ValAcc=92.2% | Gap=+0.2865 | LR=0.003757 | 739.4s
2026-05-15 07:32:50 | INFO | train | Epoch  59/100 | TrainLoss=0.0121 TrainAcc=99.7% | ValLoss=0.3145 ValAcc=92.1% | Gap=+0.3024 | LR=0.003605 | 787.3s
2026-05-15 07:45:41 | INFO | train | Epoch  60/100 | TrainLoss=0.0117 TrainAcc=99.7% | ValLoss=0.3164 ValAcc=91.8% | Gap=+0.3046 | LR=0.003455 | 771.7s
2026-05-15 07:58:08 | INFO | train | Epoch  61/100 | TrainLoss=0.0091 TrainAcc=99.8% | ValLoss=0.3068 ValAcc=92.2% | Gap=+0.2977 | LR=0.003306 | 746.7s
2026-05-15 08:10:28 | INFO | train | Epoch  62/100 | TrainLoss=0.0087 TrainAcc=99.8% | ValLoss=0.3114 ValAcc=92.2% | Gap=+0.3027 | LR=0.003159 | 739.4s
2026-05-15 08:23:03 | INFO | train | Epoch  63/100 | TrainLoss=0.0084 TrainAcc=99.8% | ValLoss=0.3061 ValAcc=92.3% | Gap=+0.2977 | LR=0.003014 | 755.2s
2026-05-15 08:35:29 | INFO | train | Epoch  64/100 | TrainLoss=0.0076 TrainAcc=99.9% | ValLoss=0.3063 ValAcc=92.4% | Gap=+0.2987 | LR=0.002871 | 743.6s
2026-05-15 08:48:15 | INFO | train | Epoch  65/100 | TrainLoss=0.0059 TrainAcc=99.9% | ValLoss=0.2950 ValAcc=92.7% | Gap=+0.2891 | LR=0.002730 | 766.9s
2026-05-15 09:01:16 | INFO | train | Epoch  66/100 | TrainLoss=0.0057 TrainAcc=99.9% | ValLoss=0.2991 ValAcc=92.6% | Gap=+0.2935 | LR=0.002591 | 780.5s
2026-05-15 09:14:15 | INFO | train | Epoch  67/100 | TrainLoss=0.0049 TrainAcc=99.9% | ValLoss=0.2916 ValAcc=93.0% | Gap=+0.2867 | LR=0.002455 | 778.9s
2026-05-15 09:26:42 | INFO | train | Epoch  68/100 | TrainLoss=0.0045 TrainAcc=99.9% | ValLoss=0.2924 ValAcc=92.8% | Gap=+0.2879 | LR=0.002321 | 747.3s
2026-05-15 09:40:19 | INFO | train | Epoch  69/100 | TrainLoss=0.0044 TrainAcc=99.9% | ValLoss=0.2916 ValAcc=92.7% | Gap=+0.2872 | LR=0.002190 | 816.4s
2026-05-15 09:54:43 | INFO | train | Epoch  70/100 | TrainLoss=0.0041 TrainAcc=100.0% | ValLoss=0.2873 ValAcc=92.7% | Gap=+0.2832 | LR=0.002061 | 864.5s
2026-05-15 10:06:27 | INFO | train | Epoch  71/100 | TrainLoss=0.0038 TrainAcc=100.0% | ValLoss=0.2893 ValAcc=92.8% | Gap=+0.2856 | LR=0.001935 | 704.0s
2026-05-15 10:17:52 | INFO | train | Epoch  72/100 | TrainLoss=0.0037 TrainAcc=100.0% | ValLoss=0.2809 ValAcc=93.0% | Gap=+0.2772 | LR=0.001813 | 684.6s
2026-05-15 10:30:16 | INFO | train | Epoch  73/100 | TrainLoss=0.0037 TrainAcc=100.0% | ValLoss=0.2862 ValAcc=92.8% | Gap=+0.2825 | LR=0.001693 | 743.9s
2026-05-15 10:43:03 | INFO | train | Epoch  74/100 | TrainLoss=0.0035 TrainAcc=100.0% | ValLoss=0.2868 ValAcc=92.7% | Gap=+0.2833 | LR=0.001577 | 767.1s
2026-05-15 10:54:46 | INFO | train | Epoch  75/100 | TrainLoss=0.0031 TrainAcc=100.0% | ValLoss=0.2834 ValAcc=92.9% | Gap=+0.2803 | LR=0.001464 | 702.9s
2026-05-15 11:05:20 | INFO | train | Epoch  76/100 | TrainLoss=0.0031 TrainAcc=100.0% | ValLoss=0.2834 ValAcc=92.8% | Gap=+0.2803 | LR=0.001355 | 634.6s
2026-05-15 11:15:59 | INFO | train | Epoch  77/100 | TrainLoss=0.0029 TrainAcc=100.0% | ValLoss=0.2831 ValAcc=92.8% | Gap=+0.2802 | LR=0.001249 | 638.3s
2026-05-15 11:26:31 | INFO | train | Epoch  78/100 | TrainLoss=0.0027 TrainAcc=100.0% | ValLoss=0.2829 ValAcc=92.8% | Gap=+0.2803 | LR=0.001147 | 631.9s
2026-05-15 11:37:05 | INFO | train | Epoch  79/100 | TrainLoss=0.0027 TrainAcc=100.0% | ValLoss=0.2832 ValAcc=92.9% | Gap=+0.2805 | LR=0.001049 | 633.9s
2026-05-15 11:47:34 | INFO | train | Epoch  80/100 | TrainLoss=0.0024 TrainAcc=100.0% | ValLoss=0.2828 ValAcc=92.9% | Gap=+0.2804 | LR=0.000955 | 629.9s
2026-05-15 11:58:04 | INFO | train | Epoch  81/100 | TrainLoss=0.0027 TrainAcc=100.0% | ValLoss=0.2781 ValAcc=92.9% | Gap=+0.2754 | LR=0.000865 | 629.0s
2026-05-15 12:08:33 | INFO | train | Epoch  82/100 | TrainLoss=0.0026 TrainAcc=100.0% | ValLoss=0.2769 ValAcc=93.0% | Gap=+0.2744 | LR=0.000778 | 629.2s
2026-05-15 12:19:07 | INFO | train | Epoch  83/100 | TrainLoss=0.0025 TrainAcc=100.0% | ValLoss=0.2785 ValAcc=93.0% | Gap=+0.2760 | LR=0.000696 | 634.7s
2026-05-15 12:29:40 | INFO | train | Epoch  84/100 | TrainLoss=0.0023 TrainAcc=100.0% | ValLoss=0.2767 ValAcc=93.0% | Gap=+0.2744 | LR=0.000618 | 632.3s
2026-05-15 12:40:13 | INFO | train | Epoch  85/100 | TrainLoss=0.0022 TrainAcc=100.0% | ValLoss=0.2787 ValAcc=93.0% | Gap=+0.2765 | LR=0.000545 | 633.6s
2026-05-15 12:50:46 | INFO | train | Epoch  86/100 | TrainLoss=0.0023 TrainAcc=100.0% | ValLoss=0.2768 ValAcc=93.0% | Gap=+0.2746 | LR=0.000476 | 632.8s
2026-05-15 13:01:22 | INFO | train | Epoch  87/100 | TrainLoss=0.0023 TrainAcc=100.0% | ValLoss=0.2783 ValAcc=93.0% | Gap=+0.2760 | LR=0.000411 | 636.1s
2026-05-15 13:11:56 | INFO | train | Epoch  88/100 | TrainLoss=0.0023 TrainAcc=100.0% | ValLoss=0.2770 ValAcc=93.0% | Gap=+0.2748 | LR=0.000351 | 634.1s
2026-05-15 13:22:33 | INFO | train | Epoch  89/100 | TrainLoss=0.0022 TrainAcc=100.0% | ValLoss=0.2758 ValAcc=93.0% | Gap=+0.2736 | LR=0.000296 | 636.2s
2026-05-15 13:33:07 | INFO | train | Epoch  90/100 | TrainLoss=0.0023 TrainAcc=100.0% | ValLoss=0.2742 ValAcc=93.0% | Gap=+0.2719 | LR=0.000245 | 634.2s
2026-05-15 13:43:40 | INFO | train | Epoch  91/100 | TrainLoss=0.0022 TrainAcc=100.0% | ValLoss=0.2742 ValAcc=93.1% | Gap=+0.2720 | LR=0.000199 | 633.5s
2026-05-15 13:54:17 | INFO | train | Epoch  92/100 | TrainLoss=0.0022 TrainAcc=100.0% | ValLoss=0.2741 ValAcc=93.1% | Gap=+0.2719 | LR=0.000157 | 636.0s
2026-05-15 14:04:54 | INFO | train | Epoch  93/100 | TrainLoss=0.0021 TrainAcc=100.0% | ValLoss=0.2728 ValAcc=93.1% | Gap=+0.2707 | LR=0.000120 | 637.0s
2026-05-15 14:15:28 | INFO | train | Epoch  94/100 | TrainLoss=0.0020 TrainAcc=100.0% | ValLoss=0.2724 ValAcc=93.2% | Gap=+0.2704 | LR=0.000089 | 634.4s
2026-05-15 14:26:13 | INFO | train | Epoch  95/100 | TrainLoss=0.0020 TrainAcc=100.0% | ValLoss=0.2723 ValAcc=93.2% | Gap=+0.2703 | LR=0.000062 | 644.7s
2026-05-15 14:37:04 | INFO | train | Epoch  96/100 | TrainLoss=0.0021 TrainAcc=100.0% | ValLoss=0.2765 ValAcc=93.0% | Gap=+0.2744 | LR=0.000039 | 651.6s
2026-05-15 14:47:49 | INFO | train | Epoch  97/100 | TrainLoss=0.0021 TrainAcc=100.0% | ValLoss=0.2732 ValAcc=93.1% | Gap=+0.2711 | LR=0.000022 | 645.1s
2026-05-15 14:58:24 | INFO | train | Epoch  98/100 | TrainLoss=0.0021 TrainAcc=100.0% | ValLoss=0.2742 ValAcc=93.2% | Gap=+0.2721 | LR=0.000010 | 635.0s
2026-05-15 15:08:43 | INFO | train | Epoch  99/100 | TrainLoss=0.0021 TrainAcc=100.0% | ValLoss=0.2751 ValAcc=93.1% | Gap=+0.2730 | LR=0.000002 | 618.4s
2026-05-15 15:18:58 | INFO | train | Epoch 100/100 | TrainLoss=0.0023 TrainAcc=100.0% | ValLoss=0.2737 ValAcc=93.2% | Gap=+0.2714 | LR=0.000000 | 615.5s
2026-05-15 15:18:59 | INFO | train | Training complete. Best val accuracy: 93.23%
2026-05-15 15:18:59 | INFO | main |   Done in 1142.8 min
2026-05-15 15:18:59 | INFO | main | 
============================================================
2026-05-15 15:18:59 | INFO | main | All stages complete. Total wall time: 1142.8 min
2026-05-15 15:18:59 | INFO | main | Outputs written to: outputs/
2026-05-15 15:18:59 | INFO | main | ============================================================
[device] Using: cpu
[seed] All RNG sources fixed to 42
[seed] All RNG sources fixed to 42
[device] Using: cpu
[model] ResNet18 initialized from scratch (random weights)
[checkpoint] Saved → ./models/resnet18_scratch_best.pth
[checkpoint] Saved → ./models/resnet18_scratch_best.pth
[checkpoint] Saved → ./models/resnet18_scratch_best.pth
[checkpoint] Saved → ./models/resnet18_scratch_best.pth
[checkpoint] Saved → ./models/resnet18_scratch_best.pth
[checkpoint] Saved → ./models/resnet18_scratch_best.pth
[checkpoint] Saved → ./models/resnet18_scratch_best.pth
[checkpoint] Saved → ./models/resnet18_scratch_best.pth
[checkpoint] Saved → ./models/resnet18_scratch_best.pth
[checkpoint] Saved → ./models/resnet18_scratch_best.pth
[checkpoint] Saved → ./models/resnet18_scratch_best.pth
[checkpoint] Saved → ./models/resnet18_scratch_best.pth
[checkpoint] Saved → ./models/resnet18_scratch_best.pth
[checkpoint] Saved → ./models/resnet18_scratch_best.pth
[checkpoint] Saved → ./models/resnet18_scratch_best.pth
[checkpoint] Saved → ./models/resnet18_scratch_best.pth
[checkpoint] Saved → ./models/resnet18_scratch_best.pth
[checkpoint] Saved → ./models/resnet18_scratch_best.pth
[checkpoint] Saved → ./models/resnet18_scratch_best.pth
[checkpoint] Saved → ./models/resnet18_scratch_best.pth
[checkpoint] Saved → ./models/resnet18_scratch_best.pth
[checkpoint] Saved → ./models/resnet18_scratch_best.pth
[checkpoint] Saved → ./models/resnet18_scratch_best.pth
[checkpoint] Saved → ./models/resnet18_scratch_best.pth
[checkpoint] Saved → ./models/resnet18_scratch_best.pth
[checkpoint] Saved → ./models/resnet18_scratch_best.pth
[checkpoint] Saved → ./models/resnet18_scratch_best.pth
[checkpoint] Saved → ./models/resnet18_scratch_best.pth
[checkpoint] Saved → ./models/resnet18_scratch_best.pth
[checkpoint] Saved → ./models/resnet18_scratch_best.pth
[checkpoint] Saved → ./models/resnet18_scratch_best.pth
[checkpoint] Saved → ./models/resnet18_scratch_best.pth
[checkpoint] Saved → ./models/resnet18_scratch_best.pth
[checkpoint] Saved → ./models/resnet18_scratch_best.pth
[checkpoint] Saved → ./models/resnet18_scratch_best.pth
[checkpoint] Saved → ./models/resnet18_scratch_best.pth
[checkpoint] Saved → ./models/resnet18_scratch_final.pth
[plot] Training curves saved → ./outputs/curves/resnet18_scratch_curves.png
