2026-05-14 18:29:02 | INFO | main | ============================================================
2026-05-14 18:29:02 | INFO | main | CIFAR-10 Grad-CAM — Research Pipeline
2026-05-14 18:29:02 | INFO | main |   Stages : ['train']
2026-05-14 18:29:02 | INFO | main |   Models : ['baseline_cnn']
2026-05-14 18:29:02 | INFO | main |   Device : cpu
2026-05-14 18:29:02 | INFO | main | ============================================================
2026-05-14 18:29:02 | INFO | main | ━━━━━━━━━━━━━━━━━━━━━━━━━━━━━━━━━━━━━━━━━━━━━━━━━━━━━━━━━━━━
2026-05-14 18:29:02 | INFO | main | STAGE 2 — Training: ['baseline_cnn']
2026-05-14 18:29:02 | INFO | main | ━━━━━━━━━━━━━━━━━━━━━━━━━━━━━━━━━━━━━━━━━━━━━━━━━━━━━━━━━━━━
2026-05-14 18:29:02 | INFO | main | 
▶ Training: baseline_cnn
C:\Users\mohammed\Downloads\deeplearningp\venv\Lib\site-packages\torchvision\datasets\cifar.py:83: VisibleDeprecationWarning: dtype(): align should be passed as Python or NumPy boolean but got `align=0`. Did you mean to pass a tuple to create a subarray type? (Deprecated NumPy 2.4)
  entry = pickle.load(f, encoding="latin1")
2026-05-14 18:29:04 | INFO | data | Train: 50,000 samples | Val/Test: 10,000 samples
2026-05-14 18:29:04 | INFO | train | [model] baseline_cnn | 620,810 trainable parameters
2026-05-14 18:29:04 | INFO | train | Starting training: baseline_cnn | 100 epochs
C:\Users\mohammed\Downloads\deeplearningp\venv\Lib\site-packages\torch\utils\data\dataloader.py:1095: UserWarning: 'pin_memory' argument is set as true but no accelerator is found, then device pinned memory won't be used.
  super().__init__(loader)
2026-05-14 18:29:56 | INFO | train | [sanity] Epoch-1 loss check: got 1.5917, expected ~2.3026 (±0.3)
2026-05-14 18:29:56 | WARNING | train | [sanity] ✗ Initial loss check FAILED (deviation=0.7109). Investigate before proceeding. Check: weight init, data pipeline, class balance, label encoding.
2026-05-14 18:29:56 | INFO | train | Epoch   1/100 | TrainLoss=1.5917 TrainAcc=40.7% | ValLoss=1.2987 ValAcc=53.1% | Gap=-0.2930 | LR=0.009998 | 52.3s
2026-05-14 18:30:48 | INFO | train | Epoch   2/100 | TrainLoss=1.2874 TrainAcc=53.4% | ValLoss=1.0921 ValAcc=59.7% | Gap=-0.1953 | LR=0.009990 | 52.4s
2026-05-14 18:31:41 | INFO | train | Epoch   3/100 | TrainLoss=1.1438 TrainAcc=59.0% | ValLoss=1.0535 ValAcc=62.7% | Gap=-0.0903 | LR=0.009978 | 52.9s
2026-05-14 18:32:36 | INFO | train | Epoch   4/100 | TrainLoss=1.0579 TrainAcc=62.6% | ValLoss=0.8705 ValAcc=69.5% | Gap=-0.1875 | LR=0.009961 | 54.5s
2026-05-14 18:33:32 | INFO | train | Epoch   5/100 | TrainLoss=0.9946 TrainAcc=65.1% | ValLoss=0.9231 ValAcc=67.2% | Gap=-0.0715 | LR=0.009938 | 55.9s
2026-05-14 18:34:29 | INFO | train | Epoch   6/100 | TrainLoss=0.9466 TrainAcc=66.9% | ValLoss=0.7672 ValAcc=72.3% | Gap=-0.1795 | LR=0.009911 | 57.1s
2026-05-14 18:35:21 | INFO | train | Epoch   7/100 | TrainLoss=0.8950 TrainAcc=68.6% | ValLoss=0.7692 ValAcc=73.0% | Gap=-0.1259 | LR=0.009880 | 52.0s
2026-05-14 18:36:15 | INFO | train | Epoch   8/100 | TrainLoss=0.8557 TrainAcc=70.0% | ValLoss=0.7283 ValAcc=74.2% | Gap=-0.1274 | LR=0.009843 | 53.8s
2026-05-14 18:37:09 | INFO | train | Epoch   9/100 | TrainLoss=0.8263 TrainAcc=71.2% | ValLoss=0.7427 ValAcc=74.0% | Gap=-0.0836 | LR=0.009801 | 54.4s
2026-05-14 18:38:06 | INFO | train | Epoch  10/100 | TrainLoss=0.7952 TrainAcc=72.3% | ValLoss=0.6638 ValAcc=76.9% | Gap=-0.1314 | LR=0.009755 | 56.3s
2026-05-14 18:39:20 | INFO | train | Epoch  11/100 | TrainLoss=0.7708 TrainAcc=73.3% | ValLoss=0.7513 ValAcc=73.9% | Gap=-0.0194 | LR=0.009704 | 74.7s
2026-05-14 18:40:17 | INFO | train | Epoch  12/100 | TrainLoss=0.7366 TrainAcc=74.6% | ValLoss=0.6230 ValAcc=77.8% | Gap=-0.1135 | LR=0.009649 | 56.5s
2026-05-14 18:41:06 | INFO | train | Epoch  13/100 | TrainLoss=0.7239 TrainAcc=74.9% | ValLoss=0.6228 ValAcc=78.2% | Gap=-0.1011 | LR=0.009589 | 49.5s
2026-05-14 18:41:55 | INFO | train | Epoch  14/100 | TrainLoss=0.7003 TrainAcc=75.8% | ValLoss=0.6576 ValAcc=77.5% | Gap=-0.0427 | LR=0.009524 | 49.2s
2026-05-14 18:42:47 | INFO | train | Epoch  15/100 | TrainLoss=0.6774 TrainAcc=76.5% | ValLoss=0.6225 ValAcc=78.4% | Gap=-0.0549 | LR=0.009455 | 52.1s
2026-05-14 18:43:37 | INFO | train | Epoch  16/100 | TrainLoss=0.6586 TrainAcc=77.2% | ValLoss=0.5950 ValAcc=79.5% | Gap=-0.0636 | LR=0.009382 | 49.8s
2026-05-14 18:44:25 | INFO | train | Epoch  17/100 | TrainLoss=0.6458 TrainAcc=77.7% | ValLoss=0.5982 ValAcc=79.1% | Gap=-0.0476 | LR=0.009304 | 47.9s
2026-05-14 18:45:11 | INFO | train | Epoch  18/100 | TrainLoss=0.6298 TrainAcc=78.2% | ValLoss=0.5749 ValAcc=80.2% | Gap=-0.0549 | LR=0.009222 | 45.8s
2026-05-14 18:45:56 | INFO | train | Epoch  19/100 | TrainLoss=0.6229 TrainAcc=78.7% | ValLoss=0.5567 ValAcc=80.6% | Gap=-0.0662 | LR=0.009135 | 45.4s
2026-05-14 18:46:51 | INFO | train | Epoch  20/100 | TrainLoss=0.6027 TrainAcc=79.1% | ValLoss=0.5688 ValAcc=80.3% | Gap=-0.0339 | LR=0.009045 | 54.4s
2026-05-14 18:47:47 | INFO | train | Epoch  21/100 | TrainLoss=0.5923 TrainAcc=79.6% | ValLoss=0.5435 ValAcc=81.4% | Gap=-0.0488 | LR=0.008951 | 55.8s
2026-05-14 18:48:44 | INFO | train | Epoch  22/100 | TrainLoss=0.5837 TrainAcc=80.1% | ValLoss=0.5383 ValAcc=81.4% | Gap=-0.0454 | LR=0.008853 | 57.4s
2026-05-14 18:49:39 | INFO | train | Epoch  23/100 | TrainLoss=0.5738 TrainAcc=80.3% | ValLoss=0.5138 ValAcc=82.2% | Gap=-0.0600 | LR=0.008751 | 55.1s
2026-05-14 18:50:35 | INFO | train | Epoch  24/100 | TrainLoss=0.5657 TrainAcc=80.4% | ValLoss=0.5339 ValAcc=81.6% | Gap=-0.0318 | LR=0.008645 | 55.8s
2026-05-14 18:51:33 | INFO | train | Epoch  25/100 | TrainLoss=0.5533 TrainAcc=81.1% | ValLoss=0.5296 ValAcc=81.1% | Gap=-0.0237 | LR=0.008536 | 57.6s
2026-05-14 18:52:28 | INFO | train | Epoch  26/100 | TrainLoss=0.5470 TrainAcc=81.1% | ValLoss=0.5261 ValAcc=81.9% | Gap=-0.0209 | LR=0.008423 | 55.2s
2026-05-14 18:53:22 | INFO | train | Epoch  27/100 | TrainLoss=0.5309 TrainAcc=81.6% | ValLoss=0.5068 ValAcc=82.6% | Gap=-0.0241 | LR=0.008307 | 53.8s
2026-05-14 18:54:16 | INFO | train | Epoch  28/100 | TrainLoss=0.5268 TrainAcc=81.9% | ValLoss=0.5616 ValAcc=80.6% | Gap=+0.0348 | LR=0.008187 | 54.1s
2026-05-14 18:55:11 | INFO | train | Epoch  29/100 | TrainLoss=0.5214 TrainAcc=82.1% | ValLoss=0.4882 ValAcc=83.3% | Gap=-0.0332 | LR=0.008065 | 55.6s
2026-05-14 18:56:04 | INFO | train | Epoch  30/100 | TrainLoss=0.5166 TrainAcc=82.3% | ValLoss=0.5361 ValAcc=81.4% | Gap=+0.0196 | LR=0.007939 | 52.5s
2026-05-14 18:56:56 | INFO | train | Epoch  31/100 | TrainLoss=0.5087 TrainAcc=82.6% | ValLoss=0.5027 ValAcc=82.7% | Gap=-0.0061 | LR=0.007810 | 51.8s
2026-05-14 18:57:47 | INFO | train | Epoch  32/100 | TrainLoss=0.5001 TrainAcc=82.8% | ValLoss=0.5400 ValAcc=81.4% | Gap=+0.0399 | LR=0.007679 | 51.6s
2026-05-14 18:58:37 | INFO | train | Epoch  33/100 | TrainLoss=0.4971 TrainAcc=83.0% | ValLoss=0.4986 ValAcc=82.9% | Gap=+0.0015 | LR=0.007545 | 49.6s
2026-05-14 18:59:22 | INFO | train | Epoch  34/100 | TrainLoss=0.4874 TrainAcc=83.1% | ValLoss=0.5047 ValAcc=82.8% | Gap=+0.0174 | LR=0.007409 | 45.2s
2026-05-14 19:00:04 | INFO | train | Epoch  35/100 | TrainLoss=0.4860 TrainAcc=83.4% | ValLoss=0.4932 ValAcc=83.5% | Gap=+0.0071 | LR=0.007270 | 42.5s
2026-05-14 19:00:55 | INFO | train | Epoch  36/100 | TrainLoss=0.4746 TrainAcc=83.6% | ValLoss=0.5028 ValAcc=83.0% | Gap=+0.0282 | LR=0.007129 | 51.0s
2026-05-14 19:01:47 | INFO | train | Epoch  37/100 | TrainLoss=0.4683 TrainAcc=83.9% | ValLoss=0.4575 ValAcc=84.4% | Gap=-0.0108 | LR=0.006986 | 51.2s
2026-05-14 19:02:37 | INFO | train | Epoch  38/100 | TrainLoss=0.4690 TrainAcc=83.9% | ValLoss=0.5414 ValAcc=81.7% | Gap=+0.0724 | LR=0.006841 | 50.7s
2026-05-14 19:03:23 | INFO | train | Epoch  39/100 | TrainLoss=0.4618 TrainAcc=84.2% | ValLoss=0.4722 ValAcc=84.1% | Gap=+0.0104 | LR=0.006694 | 46.0s
2026-05-14 19:04:08 | INFO | train | Epoch  40/100 | TrainLoss=0.4600 TrainAcc=84.2% | ValLoss=0.4835 ValAcc=83.2% | Gap=+0.0235 | LR=0.006545 | 45.1s
2026-05-14 19:04:53 | INFO | train | Epoch  41/100 | TrainLoss=0.4543 TrainAcc=84.4% | ValLoss=0.4795 ValAcc=83.8% | Gap=+0.0252 | LR=0.006395 | 44.9s
2026-05-14 19:05:43 | INFO | train | Epoch  42/100 | TrainLoss=0.4534 TrainAcc=84.6% | ValLoss=0.4781 ValAcc=83.8% | Gap=+0.0247 | LR=0.006243 | 49.4s
2026-05-14 19:06:41 | INFO | train | Epoch  43/100 | TrainLoss=0.4420 TrainAcc=84.9% | ValLoss=0.4519 ValAcc=84.7% | Gap=+0.0099 | LR=0.006091 | 58.4s
2026-05-14 19:07:50 | INFO | train | Epoch  44/100 | TrainLoss=0.4401 TrainAcc=85.1% | ValLoss=0.4793 ValAcc=83.9% | Gap=+0.0392 | LR=0.005937 | 69.0s
2026-05-14 19:09:08 | INFO | train | Epoch  45/100 | TrainLoss=0.4379 TrainAcc=85.1% | ValLoss=0.4581 ValAcc=84.6% | Gap=+0.0202 | LR=0.005782 | 78.2s
2026-05-14 19:10:30 | INFO | train | Epoch  46/100 | TrainLoss=0.4307 TrainAcc=85.4% | ValLoss=0.4463 ValAcc=85.0% | Gap=+0.0155 | LR=0.005627 | 82.4s
2026-05-14 19:12:04 | INFO | train | Epoch  47/100 | TrainLoss=0.4303 TrainAcc=85.3% | ValLoss=0.4433 ValAcc=85.1% | Gap=+0.0130 | LR=0.005471 | 93.3s
2026-05-14 19:13:22 | INFO | train | Epoch  48/100 | TrainLoss=0.4237 TrainAcc=85.5% | ValLoss=0.4507 ValAcc=84.6% | Gap=+0.0270 | LR=0.005314 | 78.4s
2026-05-14 19:14:55 | INFO | train | Epoch  49/100 | TrainLoss=0.4177 TrainAcc=85.7% | ValLoss=0.4379 ValAcc=85.3% | Gap=+0.0202 | LR=0.005157 | 92.5s
2026-05-14 19:16:19 | INFO | train | Epoch  50/100 | TrainLoss=0.4158 TrainAcc=85.8% | ValLoss=0.4396 ValAcc=84.8% | Gap=+0.0238 | LR=0.005000 | 84.7s
2026-05-14 19:17:57 | INFO | train | Epoch  51/100 | TrainLoss=0.4144 TrainAcc=85.7% | ValLoss=0.4266 ValAcc=85.5% | Gap=+0.0123 | LR=0.004843 | 97.4s
2026-05-14 19:19:16 | INFO | train | Epoch  52/100 | TrainLoss=0.4089 TrainAcc=86.0% | ValLoss=0.4683 ValAcc=84.0% | Gap=+0.0594 | LR=0.004686 | 78.8s
2026-05-14 19:20:22 | INFO | train | Epoch  53/100 | TrainLoss=0.4005 TrainAcc=86.4% | ValLoss=0.4318 ValAcc=85.3% | Gap=+0.0313 | LR=0.004529 | 66.4s
2026-05-14 19:21:25 | INFO | train | Epoch  54/100 | TrainLoss=0.4015 TrainAcc=86.2% | ValLoss=0.4252 ValAcc=85.4% | Gap=+0.0237 | LR=0.004373 | 62.9s
2026-05-14 19:22:28 | INFO | train | Epoch  55/100 | TrainLoss=0.3892 TrainAcc=86.5% | ValLoss=0.4346 ValAcc=85.0% | Gap=+0.0454 | LR=0.004218 | 62.9s
2026-05-14 19:23:36 | INFO | train | Epoch  56/100 | TrainLoss=0.3914 TrainAcc=86.6% | ValLoss=0.4159 ValAcc=85.9% | Gap=+0.0245 | LR=0.004063 | 67.7s
2026-05-14 19:24:48 | INFO | train | Epoch  57/100 | TrainLoss=0.3847 TrainAcc=86.9% | ValLoss=0.4378 ValAcc=85.5% | Gap=+0.0531 | LR=0.003909 | 72.4s
2026-05-14 19:26:04 | INFO | train | Epoch  58/100 | TrainLoss=0.3797 TrainAcc=86.9% | ValLoss=0.4366 ValAcc=85.3% | Gap=+0.0569 | LR=0.003757 | 75.6s
2026-05-14 19:27:26 | INFO | train | Epoch  59/100 | TrainLoss=0.3810 TrainAcc=86.9% | ValLoss=0.4210 ValAcc=86.0% | Gap=+0.0401 | LR=0.003605 | 82.8s
2026-05-14 19:28:34 | INFO | train | Epoch  60/100 | TrainLoss=0.3751 TrainAcc=87.3% | ValLoss=0.4197 ValAcc=86.1% | Gap=+0.0446 | LR=0.003455 | 67.8s
2026-05-14 19:29:43 | INFO | train | Epoch  61/100 | TrainLoss=0.3692 TrainAcc=87.2% | ValLoss=0.4262 ValAcc=85.5% | Gap=+0.0570 | LR=0.003306 | 69.2s
2026-05-14 19:30:53 | INFO | train | Epoch  62/100 | TrainLoss=0.3703 TrainAcc=87.2% | ValLoss=0.4223 ValAcc=85.5% | Gap=+0.0520 | LR=0.003159 | 69.5s
2026-05-14 19:32:05 | INFO | train | Epoch  63/100 | TrainLoss=0.3634 TrainAcc=87.4% | ValLoss=0.4043 ValAcc=86.1% | Gap=+0.0409 | LR=0.003014 | 72.1s
2026-05-14 19:33:13 | INFO | train | Epoch  64/100 | TrainLoss=0.3619 TrainAcc=87.6% | ValLoss=0.4063 ValAcc=86.4% | Gap=+0.0444 | LR=0.002871 | 68.2s
2026-05-14 19:34:26 | INFO | train | Epoch  65/100 | TrainLoss=0.3583 TrainAcc=87.6% | ValLoss=0.4095 ValAcc=86.2% | Gap=+0.0512 | LR=0.002730 | 72.3s
2026-05-14 19:35:39 | INFO | train | Epoch  66/100 | TrainLoss=0.3529 TrainAcc=87.9% | ValLoss=0.4265 ValAcc=85.7% | Gap=+0.0736 | LR=0.002591 | 72.9s
2026-05-14 19:36:47 | INFO | train | Epoch  67/100 | TrainLoss=0.3510 TrainAcc=88.0% | ValLoss=0.4114 ValAcc=85.9% | Gap=+0.0604 | LR=0.002455 | 68.6s
2026-05-14 19:37:58 | INFO | train | Epoch  68/100 | TrainLoss=0.3488 TrainAcc=88.1% | ValLoss=0.4226 ValAcc=86.0% | Gap=+0.0738 | LR=0.002321 | 71.3s
2026-05-14 19:39:11 | INFO | train | Epoch  69/100 | TrainLoss=0.3447 TrainAcc=88.0% | ValLoss=0.4004 ValAcc=86.8% | Gap=+0.0557 | LR=0.002190 | 72.6s
2026-05-14 19:40:24 | INFO | train | Epoch  70/100 | TrainLoss=0.3406 TrainAcc=88.2% | ValLoss=0.4079 ValAcc=86.4% | Gap=+0.0673 | LR=0.002061 | 72.7s
2026-05-14 19:41:35 | INFO | train | Epoch  71/100 | TrainLoss=0.3376 TrainAcc=88.5% | ValLoss=0.3937 ValAcc=86.6% | Gap=+0.0561 | LR=0.001935 | 71.4s
2026-05-14 19:42:45 | INFO | train | Epoch  72/100 | TrainLoss=0.3376 TrainAcc=88.4% | ValLoss=0.4064 ValAcc=86.5% | Gap=+0.0688 | LR=0.001813 | 70.4s
2026-05-14 19:43:54 | INFO | train | Epoch  73/100 | TrainLoss=0.3312 TrainAcc=88.6% | ValLoss=0.3868 ValAcc=86.9% | Gap=+0.0556 | LR=0.001693 | 68.1s
2026-05-14 19:45:06 | INFO | train | Epoch  74/100 | TrainLoss=0.3293 TrainAcc=88.5% | ValLoss=0.4106 ValAcc=86.1% | Gap=+0.0813 | LR=0.001577 | 71.9s
2026-05-14 19:46:18 | INFO | train | Epoch  75/100 | TrainLoss=0.3291 TrainAcc=88.7% | ValLoss=0.4088 ValAcc=86.3% | Gap=+0.0797 | LR=0.001464 | 72.3s
2026-05-14 19:47:29 | INFO | train | Epoch  76/100 | TrainLoss=0.3237 TrainAcc=88.9% | ValLoss=0.3992 ValAcc=86.4% | Gap=+0.0755 | LR=0.001355 | 71.3s
2026-05-14 19:48:42 | INFO | train | Epoch  77/100 | TrainLoss=0.3192 TrainAcc=89.2% | ValLoss=0.3955 ValAcc=87.0% | Gap=+0.0762 | LR=0.001249 | 72.5s
2026-05-14 19:49:54 | INFO | train | Epoch  78/100 | TrainLoss=0.3199 TrainAcc=89.0% | ValLoss=0.3864 ValAcc=87.3% | Gap=+0.0665 | LR=0.001147 | 72.0s
2026-05-14 19:51:08 | INFO | train | Epoch  79/100 | TrainLoss=0.3150 TrainAcc=89.2% | ValLoss=0.3838 ValAcc=87.3% | Gap=+0.0688 | LR=0.001049 | 74.1s
2026-05-14 19:52:21 | INFO | train | Epoch  80/100 | TrainLoss=0.3150 TrainAcc=89.2% | ValLoss=0.3853 ValAcc=87.3% | Gap=+0.0703 | LR=0.000955 | 73.2s
2026-05-14 19:53:33 | INFO | train | Epoch  81/100 | TrainLoss=0.3112 TrainAcc=89.4% | ValLoss=0.3831 ValAcc=87.4% | Gap=+0.0719 | LR=0.000865 | 72.6s
2026-05-14 19:54:42 | INFO | train | Epoch  82/100 | TrainLoss=0.3067 TrainAcc=89.4% | ValLoss=0.3849 ValAcc=87.2% | Gap=+0.0783 | LR=0.000778 | 68.4s
2026-05-14 19:55:54 | INFO | train | Epoch  83/100 | TrainLoss=0.3049 TrainAcc=89.7% | ValLoss=0.3854 ValAcc=87.2% | Gap=+0.0804 | LR=0.000696 | 72.3s
2026-05-14 19:57:04 | INFO | train | Epoch  84/100 | TrainLoss=0.3044 TrainAcc=89.6% | ValLoss=0.3832 ValAcc=87.3% | Gap=+0.0789 | LR=0.000618 | 70.0s
2026-05-14 19:58:13 | INFO | train | Epoch  85/100 | TrainLoss=0.3023 TrainAcc=89.5% | ValLoss=0.3836 ValAcc=87.4% | Gap=+0.0813 | LR=0.000545 | 69.2s
2026-05-14 19:59:27 | INFO | train | Epoch  86/100 | TrainLoss=0.2987 TrainAcc=89.8% | ValLoss=0.3830 ValAcc=87.3% | Gap=+0.0843 | LR=0.000476 | 74.0s
2026-05-14 20:00:39 | INFO | train | Epoch  87/100 | TrainLoss=0.2950 TrainAcc=89.9% | ValLoss=0.3805 ValAcc=87.5% | Gap=+0.0855 | LR=0.000411 | 72.0s
2026-05-14 20:01:52 | INFO | train | Epoch  88/100 | TrainLoss=0.2947 TrainAcc=90.0% | ValLoss=0.3804 ValAcc=87.6% | Gap=+0.0858 | LR=0.000351 | 72.2s
2026-05-14 20:03:04 | INFO | train | Epoch  89/100 | TrainLoss=0.2942 TrainAcc=89.9% | ValLoss=0.3795 ValAcc=87.5% | Gap=+0.0853 | LR=0.000296 | 72.4s
2026-05-14 20:04:14 | INFO | train | Epoch  90/100 | TrainLoss=0.2943 TrainAcc=89.9% | ValLoss=0.3785 ValAcc=87.7% | Gap=+0.0842 | LR=0.000245 | 70.3s
2026-05-14 20:05:26 | INFO | train | Epoch  91/100 | TrainLoss=0.2908 TrainAcc=90.1% | ValLoss=0.3795 ValAcc=87.5% | Gap=+0.0887 | LR=0.000199 | 71.6s
2026-05-14 20:06:38 | INFO | train | Epoch  92/100 | TrainLoss=0.2919 TrainAcc=89.9% | ValLoss=0.3782 ValAcc=87.5% | Gap=+0.0864 | LR=0.000157 | 71.8s
2026-05-14 20:07:47 | INFO | train | Epoch  93/100 | TrainLoss=0.2920 TrainAcc=90.0% | ValLoss=0.3774 ValAcc=87.7% | Gap=+0.0854 | LR=0.000120 | 69.7s
2026-05-14 20:08:54 | INFO | train | Epoch  94/100 | TrainLoss=0.2911 TrainAcc=90.1% | ValLoss=0.3767 ValAcc=87.7% | Gap=+0.0856 | LR=0.000089 | 66.5s
2026-05-14 20:10:04 | INFO | train | Epoch  95/100 | TrainLoss=0.2871 TrainAcc=90.3% | ValLoss=0.3773 ValAcc=87.6% | Gap=+0.0902 | LR=0.000062 | 70.6s
2026-05-14 20:11:16 | INFO | train | Epoch  96/100 | TrainLoss=0.2882 TrainAcc=90.2% | ValLoss=0.3770 ValAcc=87.6% | Gap=+0.0888 | LR=0.000039 | 71.7s
2026-05-14 20:12:28 | INFO | train | Epoch  97/100 | TrainLoss=0.2862 TrainAcc=90.3% | ValLoss=0.3767 ValAcc=87.7% | Gap=+0.0905 | LR=0.000022 | 71.7s
2026-05-14 20:13:40 | INFO | train | Epoch  98/100 | TrainLoss=0.2894 TrainAcc=90.0% | ValLoss=0.3779 ValAcc=87.7% | Gap=+0.0884 | LR=0.000010 | 72.5s
2026-05-14 20:14:52 | INFO | train | Epoch  99/100 | TrainLoss=0.2888 TrainAcc=90.1% | ValLoss=0.3767 ValAcc=87.7% | Gap=+0.0879 | LR=0.000002 | 71.7s
2026-05-14 20:16:04 | INFO | train | Epoch 100/100 | TrainLoss=0.2882 TrainAcc=90.3% | ValLoss=0.3761 ValAcc=87.6% | Gap=+0.0879 | LR=0.000000 | 72.2s
2026-05-14 20:16:05 | INFO | train | Training complete. Best val accuracy: 87.72%
2026-05-14 20:16:05 | INFO | main |   Done in 107.1 min
2026-05-14 20:16:05 | INFO | main | 
============================================================
2026-05-14 20:16:05 | INFO | main | All stages complete. Total wall time: 107.1 min
2026-05-14 20:16:05 | INFO | main | Outputs written to: outputs/
2026-05-14 20:16:05 | INFO | main | ============================================================
[device] Using: cpu
[seed] All RNG sources fixed to 42
[seed] All RNG sources fixed to 42
[device] Using: cpu
[checkpoint] Saved → ./models/baseline_cnn_best.pth
[checkpoint] Saved → ./models/baseline_cnn_best.pth
[checkpoint] Saved → ./models/baseline_cnn_best.pth
[checkpoint] Saved → ./models/baseline_cnn_best.pth
[checkpoint] Saved → ./models/baseline_cnn_best.pth
[checkpoint] Saved → ./models/baseline_cnn_best.pth
[checkpoint] Saved → ./models/baseline_cnn_best.pth
[checkpoint] Saved → ./models/baseline_cnn_best.pth
[checkpoint] Saved → ./models/baseline_cnn_best.pth
[checkpoint] Saved → ./models/baseline_cnn_best.pth
[checkpoint] Saved → ./models/baseline_cnn_best.pth
[checkpoint] Saved → ./models/baseline_cnn_best.pth
[checkpoint] Saved → ./models/baseline_cnn_best.pth
[checkpoint] Saved → ./models/baseline_cnn_best.pth
[checkpoint] Saved → ./models/baseline_cnn_best.pth
[checkpoint] Saved → ./models/baseline_cnn_best.pth
[checkpoint] Saved → ./models/baseline_cnn_best.pth
[checkpoint] Saved → ./models/baseline_cnn_best.pth
[checkpoint] Saved → ./models/baseline_cnn_best.pth
[checkpoint] Saved → ./models/baseline_cnn_best.pth
[checkpoint] Saved → ./models/baseline_cnn_best.pth
[checkpoint] Saved → ./models/baseline_cnn_best.pth
[checkpoint] Saved → ./models/baseline_cnn_best.pth
[checkpoint] Saved → ./models/baseline_cnn_best.pth
[checkpoint] Saved → ./models/baseline_cnn_best.pth
[checkpoint] Saved → ./models/baseline_cnn_best.pth
[checkpoint] Saved → ./models/baseline_cnn_best.pth
[checkpoint] Saved → ./models/baseline_cnn_best.pth
[checkpoint] Saved → ./models/baseline_cnn_best.pth
[checkpoint] Saved → ./models/baseline_cnn_best.pth
[checkpoint] Saved → ./models/baseline_cnn_best.pth
[checkpoint] Saved → ./models/baseline_cnn_best.pth
[checkpoint] Saved → ./models/baseline_cnn_best.pth
[checkpoint] Saved → ./models/baseline_cnn_best.pth
[checkpoint] Saved → ./models/baseline_cnn_best.pth
[checkpoint] Saved → ./models/baseline_cnn_best.pth
[checkpoint] Saved → ./models/baseline_cnn_best.pth
[checkpoint] Saved → ./models/baseline_cnn_best.pth
[checkpoint] Saved → ./models/baseline_cnn_best.pth
[checkpoint] Saved → ./models/baseline_cnn_best.pth
[checkpoint] Saved → ./models/baseline_cnn_final.pth
[plot] Training curves saved → ./outputs/curves/baseline_cnn_curves.png
